Fri Nov 21 12:04:37 JST 2025: Starting incremental build
Fri Nov 21 12:04:40 JST 2025: Build completed successfully - 107 files processed
Fri Nov 21 15:39:43 JST 2025: Starting incremental build
Fri Nov 21 15:39:44 JST 2025: Build completed successfully - 1 files processed
Fri Nov 21 15:41:43 JST 2025: Starting incremental build
Fri Nov 21 15:41:44 JST 2025: Build completed successfully - 1 files processed
Tue Nov 25 12:12:40 JST 2025: Starting incremental build
Tue Nov 25 12:12:42 JST 2025: Build completed successfully - 6 files processed
Tue Nov 25 15:41:12 JST 2025: Starting incremental build
Tue Nov 25 15:41:13 JST 2025: Build completed successfully - 2 files processed
Tue Nov 25 16:44:13 JST 2025: Starting incremental build
Tue Nov 25 16:44:14 JST 2025: Build completed successfully - 2 files processed
Tue Nov 25 17:44:15 JST 2025: Starting incremental build
Tue Nov 25 17:44:16 JST 2025: Build completed successfully - 2 files processed
Wed Nov 26 11:27:21 JST 2025: Starting incremental build
Wed Nov 26 11:27:22 JST 2025: Build completed successfully - 3 files processed
Thu Nov 27 10:15:53 JST 2025: Starting incremental build
Thu Nov 27 10:15:55 JST 2025: Build completed successfully - 2 files processed
Thu Nov 27 10:16:15 JST 2025: Starting incremental build
Thu Nov 27 10:16:15 JST 2025: Build completed successfully - 1 files processed
